<?xml version="1.0" encoding="UTF-8"?>
<robot generator="Robot 7.1.1 (Python 3.12.7 on win32)" generated="2024-11-16T21:44:10.193818" rpa="false" schemaversion="5">
<suite id="s1" name="SampleTests" source="D:\MaHyaLabs\PyDev\Robot-Framework-UI-Automation\Tests\SampleTests.robot">
<test id="s1-t1" name="Open Insurance Application test" line="10">
<kw name="log value" owner="common">
<kw name="Log To Console" owner="BuiltIn">
<arg>${report_path}</arg>
<doc>Logs the given message to the console.</doc>
<status status="PASS" start="2024-11-16T21:44:10.227225" elapsed="0.000000"/>
</kw>
<status status="PASS" start="2024-11-16T21:44:10.226226" elapsed="0.000999"/>
</kw>
<status status="PASS" start="2024-11-16T21:44:10.226226" elapsed="0.000999"/>
</test>
<status status="PASS" start="2024-11-16T21:44:10.195818" elapsed="0.031407"/>
</suite>
<statistics>
<total>
<stat pass="1" fail="0" skip="0">All Tests</stat>
</total>
<tag>
</tag>
<suite>
<stat pass="1" fail="0" skip="0" id="s1" name="SampleTests">SampleTests</stat>
</suite>
</statistics>
<errors>
</errors>
</robot>
